<?xml version="1.0" encoding="UTF-8"?>
<!-- Generated by org.testng.reporters.JUnitReportReporter -->
<testsuite skipped="0" hostname="MORSHARM-LMULF" name="com.test.Test.StreamImpJava8" tests="1" failures="0" timestamp="12 Apr 2017 18:17:10 GMT" time="0.098" errors="0">
  <testcase name="sorting_reverse" time="0.098" classname="com.test.Test.StreamImpJava8"/>
</testsuite> <!-- com.test.Test.StreamImpJava8 -->
