<?xml version="1.0" encoding="UTF-8"?>
<!-- Generated by org.testng.reporters.JUnitReportReporter -->
<testsuite hostname="MORSHARM-LMULF" name="com.Business.flow.LoginPage" tests="2" failures="0" timestamp="6 Apr 2017 19:33:44 GMT" time="36.546" errors="0">
  <testcase name="VerifyBillGeneration" time="19.937" classname="com.Business.flow.LoginPage"/>
  <testcase name="loginCredentials" time="16.609" classname="com.Business.flow.LoginPage"/>
</testsuite> <!-- com.Business.flow.LoginPage -->
